This file contains any messages produced by compilers while
running configure, to aid debugging if configure makes a mistake.

It was created by QRencode configure 3.4.4, which was
generated by GNU Autoconf 2.69.  Invocation command line was

  $ ./configure --host=arm --without-tools --without-tests --prefix=/home/baohv/Dev/Android/library/qrencode_build

## --------- ##
## Platform. ##
## --------- ##

hostname = baohv-HP-Compaq-6200-Pro-MT-PC
uname -m = x86_64
uname -r = 4.2.0-36-generic
uname -s = Linux
uname -v = #42~14.04.1-Ubuntu SMP Fri May 13 17:27:22 UTC 2016

/usr/bin/uname -p = unknown
/bin/uname -X     = unknown

/bin/arch              = unknown
/usr/bin/arch -k       = unknown
/usr/convex/getsysinfo = unknown
/usr/bin/hostinfo      = unknown
/bin/machine           = unknown
/usr/bin/oslevel       = unknown
/bin/universe          = unknown

PATH: /opt/hisi-linux-nptl/arm-hisiv100-linux/target/bin
PATH: /usr/local/sbin
PATH: /usr/local/bin
PATH: /usr/sbin
PATH: /usr/bin
PATH: /sbin
PATH: /bin
PATH: /usr/games
PATH: /usr/local/games
PATH: /usr/lib/jvm/java-8-oracle/bin
PATH: /usr/lib/jvm/java-8-oracle/db/bin
PATH: /usr/lib/jvm/java-8-oracle/jre/bin
PATH: /home/baohv/Dev/Android/library/qrencode_build/gcc-toolchain-arm/bin


## ----------- ##
## Core tests. ##
## ----------- ##

configure:2237: checking build system type
configure:2251: result: x86_64-unknown-linux-gnu
configure:2271: checking host system type
configure:2284: result: arm-unknown-none
configure:2304: checking target system type
configure:2317: result: arm-unknown-none
configure:2360: checking for a BSD-compatible install
configure:2428: result: /usr/bin/install -c
configure:2439: checking whether build environment is sane
configure:2494: result: yes
configure:2553: checking for arm-strip
configure:2583: result: no
configure:2593: checking for strip
configure:2609: found /usr/bin/strip
configure:2620: result: strip
configure:2645: checking for a thread-safe mkdir -p
configure:2684: result: /bin/mkdir -p
configure:2691: checking for gawk
configure:2721: result: no
configure:2691: checking for mawk
configure:2707: found /usr/bin/mawk
configure:2718: result: mawk
configure:2729: checking whether make sets $(MAKE)
configure:2751: result: yes
configure:2780: checking whether make supports nested variables
configure:2797: result: yes
configure:2966: checking for style of include used by make
configure:2994: result: GNU
configure:3025: checking for arm-gcc
configure:3052: result: arm-linux-androideabi-gcc
configure:3321: checking for C compiler version
configure:3330: arm-linux-androideabi-gcc --version >&5
arm-linux-androideabi-gcc (GCC) 4.8
Copyright (C) 2013 Free Software Foundation, Inc.
This is free software; see the source for copying conditions.  There is NO
warranty; not even for MERCHANTABILITY or FITNESS FOR A PARTICULAR PURPOSE.

configure:3341: $? = 0
configure:3330: arm-linux-androideabi-gcc -v >&5
Using built-in specs.
COLLECT_GCC=arm-linux-androideabi-gcc
COLLECT_LTO_WRAPPER=/home/baohv/Dev/Android/library/qrencode_build/gcc-toolchain-arm/bin/../libexec/gcc/arm-linux-androideabi/4.8/lto-wrapper
Target: arm-linux-androideabi
Configured with: /s/ndk-toolchain/src/build/../gcc/gcc-4.8/configure --prefix=/tmp/ndk-andrewhsieh/build/toolchain/prefix --target=arm-linux-androideabi --host=x86_64-linux-gnu --build=x86_64-linux-gnu --with-gnu-as --with-gnu-ld --enable-languages=c,c++ --with-gmp=/tmp/ndk-andrewhsieh/build/toolchain/temp-install --with-mpfr=/tmp/ndk-andrewhsieh/build/toolchain/temp-install --with-mpc=/tmp/ndk-andrewhsieh/build/toolchain/temp-install --with-cloog=/tmp/ndk-andrewhsieh/build/toolchain/temp-install --with-isl=/tmp/ndk-andrewhsieh/build/toolchain/temp-install --with-ppl=/tmp/ndk-andrewhsieh/build/toolchain/temp-install --disable-ppl-version-check --disable-cloog-version-check --disable-isl-version-check --enable-cloog-backend=isl --with-host-libstdcxx='-static-libgcc -Wl,-Bstatic,-lstdc++,-Bdynamic -lm' --disable-libssp --enable-threads --disable-nls --disable-libmudflap --disable-libgomp --disable-libstdc__-v3 --disable-sjlj-exceptions --disable-shared --disable-tls --disable-libitm --with-float=soft --with-fpu=vfp --with-arch=armv5te --enable-target-optspace --enable-initfini-array --disable-nls --prefix=/tmp/ndk-andrewhsieh/build/toolchain/prefix --with-sysroot=/tmp/ndk-andrewhsieh/build/toolchain/prefix/sysroot --with-binutils-version=2.25 --with-mpfr-version=3.1.1 --with-mpc-version=1.0.1 --with-gmp-version=5.0.5 --with-gcc-version=4.8 --with-gdb-version=7.7 --with-python=/usr/local/google/home/andrewhsieh/mydroid/ndk/prebuilt/linux-x86_64/bin/python-config.sh --with-gxx-include-dir=/tmp/ndk-andrewhsieh/build/toolchain/prefix/include/c++/4.8 --with-bugurl=http://source.android.com/source/report-bugs.html --enable-languages=c,c++ --disable-bootstrap --enable-plugins --enable-libgomp --enable-gnu-indirect-function --disable-libsanitizer --enable-gold --enable-threads --enable-graphite=yes --with-cloog-version=0.18.0 --with-isl-version=0.11.1 --enable-eh-frame-hdr-for-static --with-arch=armv5te --program-transform-name='s&^&arm-linux-androideabi-&' --enable-gold=default
Thread model: posix
gcc version 4.8 (GCC) 
configure:3341: $? = 0
configure:3330: arm-linux-androideabi-gcc -V >&5
arm-linux-androideabi-gcc: error: unrecognized command line option '-V'
arm-linux-androideabi-gcc: fatal error: no input files
compilation terminated.
configure:3341: $? = 1
configure:3330: arm-linux-androideabi-gcc -qversion >&5
arm-linux-androideabi-gcc: error: unrecognized command line option '-qversion'
arm-linux-androideabi-gcc: fatal error: no input files
compilation terminated.
configure:3341: $? = 1
configure:3361: checking whether the C compiler works
configure:3383: arm-linux-androideabi-gcc    conftest.c  >&5
configure:3387: $? = 0
configure:3435: result: yes
configure:3438: checking for C compiler default output file name
configure:3440: result: a.out
configure:3446: checking for suffix of executables
configure:3453: arm-linux-androideabi-gcc -o conftest    conftest.c  >&5
configure:3457: $? = 0
configure:3479: result: 
configure:3501: checking whether we are cross compiling
configure:3509: arm-linux-androideabi-gcc -o conftest    conftest.c  >&5
configure:3513: $? = 0
configure:3520: ./conftest
./configure: line 3522: ./conftest: cannot execute binary file: Exec format error
configure:3524: $? = 126
configure:3539: result: yes
configure:3544: checking for suffix of object files
configure:3566: arm-linux-androideabi-gcc -c   conftest.c >&5
configure:3570: $? = 0
configure:3591: result: o
configure:3595: checking whether we are using the GNU C compiler
configure:3614: arm-linux-androideabi-gcc -c   conftest.c >&5
configure:3614: $? = 0
configure:3623: result: yes
configure:3632: checking whether arm-linux-androideabi-gcc accepts -g
configure:3652: arm-linux-androideabi-gcc -c -g  conftest.c >&5
configure:3652: $? = 0
configure:3693: result: yes
configure:3710: checking for arm-linux-androideabi-gcc option to accept ISO C89
configure:3773: arm-linux-androideabi-gcc  -c -g -O2  conftest.c >&5
configure:3773: $? = 0
configure:3786: result: none needed
configure:3811: checking whether arm-linux-androideabi-gcc understands -c and -o together
configure:3833: arm-linux-androideabi-gcc -c conftest.c -o conftest2.o
configure:3836: $? = 0
configure:3833: arm-linux-androideabi-gcc -c conftest.c -o conftest2.o
configure:3836: $? = 0
configure:3848: result: yes
configure:3867: checking dependency style of arm-linux-androideabi-gcc
configure:3978: result: gcc3
configure:3994: checking for an ANSI C-conforming const
configure:4060: arm-linux-androideabi-gcc -c -g -O2  conftest.c >&5
configure:4060: $? = 0
configure:4067: result: yes
configure:4075: checking for inline
configure:4091: arm-linux-androideabi-gcc -c -g -O2  conftest.c >&5
configure:4091: $? = 0
configure:4099: result: inline
configure:4122: checking how to run the C preprocessor
configure:4153: arm-linux-androideabi-gcc -E  conftest.c
configure:4153: $? = 0
configure:4167: arm-linux-androideabi-gcc -E  conftest.c
conftest.c:14:28: fatal error: ac_nonexistent.h: No such file or directory
 #include <ac_nonexistent.h>
                            ^
compilation terminated.
configure:4167: $? = 1
configure: failed program was:
| /* confdefs.h */
| #define PACKAGE_NAME "QRencode"
| #define PACKAGE_TARNAME "qrencode"
| #define PACKAGE_VERSION "3.4.4"
| #define PACKAGE_STRING "QRencode 3.4.4"
| #define PACKAGE_BUGREPORT ""
| #define PACKAGE_URL ""
| #define MAJOR_VERSION 3
| #define MINOR_VERSION 4
| #define MICRO_VERSION 4
| #define PACKAGE "qrencode"
| #define VERSION "3.4.4"
| /* end confdefs.h.  */
| #include <ac_nonexistent.h>
configure:4192: result: arm-linux-androideabi-gcc -E
configure:4212: arm-linux-androideabi-gcc -E  conftest.c
configure:4212: $? = 0
configure:4226: arm-linux-androideabi-gcc -E  conftest.c
conftest.c:14:28: fatal error: ac_nonexistent.h: No such file or directory
 #include <ac_nonexistent.h>
                            ^
compilation terminated.
configure:4226: $? = 1
configure: failed program was:
| /* confdefs.h */
| #define PACKAGE_NAME "QRencode"
| #define PACKAGE_TARNAME "qrencode"
| #define PACKAGE_VERSION "3.4.4"
| #define PACKAGE_STRING "QRencode 3.4.4"
| #define PACKAGE_BUGREPORT ""
| #define PACKAGE_URL ""
| #define MAJOR_VERSION 3
| #define MINOR_VERSION 4
| #define MICRO_VERSION 4
| #define PACKAGE "qrencode"
| #define VERSION "3.4.4"
| /* end confdefs.h.  */
| #include <ac_nonexistent.h>
configure:4255: checking for grep that handles long lines and -e
configure:4313: result: /bin/grep
configure:4318: checking for egrep
configure:4380: result: /bin/grep -E
configure:4385: checking for ANSI C header files
configure:4405: arm-linux-androideabi-gcc -c -g -O2  conftest.c >&5
configure:4405: $? = 0
configure:4489: result: yes
configure:4506: checking for arm-gcc
configure:4533: result: arm-linux-androideabi-gcc
configure:4802: checking for C compiler version
configure:4811: arm-linux-androideabi-gcc --version >&5
arm-linux-androideabi-gcc (GCC) 4.8
Copyright (C) 2013 Free Software Foundation, Inc.
This is free software; see the source for copying conditions.  There is NO
warranty; not even for MERCHANTABILITY or FITNESS FOR A PARTICULAR PURPOSE.

configure:4822: $? = 0
configure:4811: arm-linux-androideabi-gcc -v >&5
Using built-in specs.
COLLECT_GCC=arm-linux-androideabi-gcc
COLLECT_LTO_WRAPPER=/home/baohv/Dev/Android/library/qrencode_build/gcc-toolchain-arm/bin/../libexec/gcc/arm-linux-androideabi/4.8/lto-wrapper
Target: arm-linux-androideabi
Configured with: /s/ndk-toolchain/src/build/../gcc/gcc-4.8/configure --prefix=/tmp/ndk-andrewhsieh/build/toolchain/prefix --target=arm-linux-androideabi --host=x86_64-linux-gnu --build=x86_64-linux-gnu --with-gnu-as --with-gnu-ld --enable-languages=c,c++ --with-gmp=/tmp/ndk-andrewhsieh/build/toolchain/temp-install --with-mpfr=/tmp/ndk-andrewhsieh/build/toolchain/temp-install --with-mpc=/tmp/ndk-andrewhsieh/build/toolchain/temp-install --with-cloog=/tmp/ndk-andrewhsieh/build/toolchain/temp-install --with-isl=/tmp/ndk-andrewhsieh/build/toolchain/temp-install --with-ppl=/tmp/ndk-andrewhsieh/build/toolchain/temp-install --disable-ppl-version-check --disable-cloog-version-check --disable-isl-version-check --enable-cloog-backend=isl --with-host-libstdcxx='-static-libgcc -Wl,-Bstatic,-lstdc++,-Bdynamic -lm' --disable-libssp --enable-threads --disable-nls --disable-libmudflap --disable-libgomp --disable-libstdc__-v3 --disable-sjlj-exceptions --disable-shared --disable-tls --disable-libitm --with-float=soft --with-fpu=vfp --with-arch=armv5te --enable-target-optspace --enable-initfini-array --disable-nls --prefix=/tmp/ndk-andrewhsieh/build/toolchain/prefix --with-sysroot=/tmp/ndk-andrewhsieh/build/toolchain/prefix/sysroot --with-binutils-version=2.25 --with-mpfr-version=3.1.1 --with-mpc-version=1.0.1 --with-gmp-version=5.0.5 --with-gcc-version=4.8 --with-gdb-version=7.7 --with-python=/usr/local/google/home/andrewhsieh/mydroid/ndk/prebuilt/linux-x86_64/bin/python-config.sh --with-gxx-include-dir=/tmp/ndk-andrewhsieh/build/toolchain/prefix/include/c++/4.8 --with-bugurl=http://source.android.com/source/report-bugs.html --enable-languages=c,c++ --disable-bootstrap --enable-plugins --enable-libgomp --enable-gnu-indirect-function --disable-libsanitizer --enable-gold --enable-threads --enable-graphite=yes --with-cloog-version=0.18.0 --with-isl-version=0.11.1 --enable-eh-frame-hdr-for-static --with-arch=armv5te --program-transform-name='s&^&arm-linux-androideabi-&' --enable-gold=default
Thread model: posix
gcc version 4.8 (GCC) 
configure:4822: $? = 0
configure:4811: arm-linux-androideabi-gcc -V >&5
arm-linux-androideabi-gcc: error: unrecognized command line option '-V'
arm-linux-androideabi-gcc: fatal error: no input files
compilation terminated.
configure:4822: $? = 1
configure:4811: arm-linux-androideabi-gcc -qversion >&5
arm-linux-androideabi-gcc: error: unrecognized command line option '-qversion'
arm-linux-androideabi-gcc: fatal error: no input files
compilation terminated.
configure:4822: $? = 1
configure:4826: checking whether we are using the GNU C compiler
configure:4854: result: yes
configure:4863: checking whether arm-linux-androideabi-gcc accepts -g
configure:4924: result: yes
configure:4941: checking for arm-linux-androideabi-gcc option to accept ISO C89
configure:5017: result: none needed
configure:5042: checking whether arm-linux-androideabi-gcc understands -c and -o together
configure:5079: result: yes
configure:5098: checking dependency style of arm-linux-androideabi-gcc
configure:5209: result: gcc3
configure:5272: checking how to print strings
configure:5299: result: printf
configure:5320: checking for a sed that does not truncate output
configure:5384: result: /bin/sed
configure:5402: checking for fgrep
configure:5464: result: /bin/grep -F
configure:5499: checking for ld used by arm-linux-androideabi-gcc
configure:5566: result: /home/baohv/Dev/Android/library/qrencode_build/gcc-toolchain-arm/arm-linux-androideabi/bin/ld
configure:5573: checking if the linker (/home/baohv/Dev/Android/library/qrencode_build/gcc-toolchain-arm/arm-linux-androideabi/bin/ld) is GNU ld
configure:5588: result: yes
configure:5600: checking for BSD- or MS-compatible name lister (nm)
configure:5649: result: no
configure:5663: checking for arm-dumpbin
configure:5693: result: no
configure:5663: checking for arm-link
configure:5693: result: no
configure:5707: checking for dumpbin
configure:5737: result: no
configure:5707: checking for link
configure:5723: found /usr/bin/link
configure:5734: result: link -dump
configure:5750: WARNING: using cross tools not prefixed with host triplet
configure:5779: checking the name lister (nm) interface
configure:5786: arm-linux-androideabi-gcc -c -g -O2  conftest.c >&5
configure:5789: nm "conftest.o"
configure:5792: output
00000000 b $d
00000000 B some_variable
configure:5799: result: BSD nm
configure:5802: checking whether ln -s works
configure:5806: result: yes
configure:5814: checking the maximum length of command line arguments
configure:5945: result: 1572864
configure:5962: checking whether the shell understands some XSI constructs
configure:5972: result: yes
configure:5976: checking whether the shell understands "+="
configure:5982: result: yes
configure:6017: checking how to convert x86_64-unknown-linux-gnu file names to arm-unknown-none format
configure:6057: result: func_convert_file_noop
configure:6064: checking how to convert x86_64-unknown-linux-gnu file names to toolchain format
configure:6084: result: func_convert_file_noop
configure:6091: checking for /home/baohv/Dev/Android/library/qrencode_build/gcc-toolchain-arm/arm-linux-androideabi/bin/ld option to reload object files
configure:6098: result: -r
configure:6132: checking for arm-objdump
configure:6162: result: no
configure:6172: checking for objdump
configure:6188: found /usr/bin/objdump
configure:6199: result: objdump
configure:6231: checking how to recognize dependent libraries
configure:6429: result: unknown
configure:6474: checking for arm-dlltool
configure:6504: result: no
configure:6514: checking for dlltool
configure:6544: result: no
configure:6574: checking how to associate runtime and link libraries
configure:6601: result: printf %s\n
configure:6617: checking for arm-ar
configure:6647: result: no
configure:6661: checking for ar
configure:6677: found /usr/bin/ar
configure:6688: result: ar
configure:6725: checking for archiver @FILE support
configure:6742: arm-linux-androideabi-gcc -c -g -O2  conftest.c >&5
configure:6742: $? = 0
configure:6745: ar cru libconftest.a @conftest.lst >&5
configure:6748: $? = 0
configure:6753: ar cru libconftest.a @conftest.lst >&5
ar: conftest.o: No such file or directory
configure:6756: $? = 1
configure:6768: result: @
configure:6786: checking for arm-strip
configure:6813: result: strip
configure:6885: checking for arm-ranlib
configure:6915: result: no
configure:6925: checking for ranlib
configure:6941: found /usr/bin/ranlib
configure:6952: result: ranlib
configure:7054: checking command to parse nm output from arm-linux-androideabi-gcc object
configure:7174: arm-linux-androideabi-gcc -c -g -O2  conftest.c >&5
configure:7177: $? = 0
configure:7181: nm conftest.o \| sed -n -e 's/^.*[ ]\([ABCDGIRSTW][ABCDGIRSTW]*\)[ ][ ]*\([_A-Za-z][_A-Za-z0-9]*\)$/\1 \2 \2/p' | sed '/ __gnu_lto/d' \> conftest.nm
configure:7184: $? = 0
configure:7250: arm-linux-androideabi-gcc -o conftest -g -O2   conftest.c conftstm.o >&5
configure:7253: $? = 0
configure:7291: result: ok
configure:7328: checking for sysroot
configure:7358: result: no
configure:7587: checking for arm-mt
configure:7617: result: no
configure:7627: checking for mt
configure:7643: found /bin/mt
configure:7654: result: mt
configure:7677: checking if mt is a manifest tool
configure:7683: mt '-?'
configure:7691: result: no
configure:8333: checking for sys/types.h
configure:8333: arm-linux-androideabi-gcc -c -g -O2  conftest.c >&5
configure:8333: $? = 0
configure:8333: result: yes
configure:8333: checking for sys/stat.h
configure:8333: arm-linux-androideabi-gcc -c -g -O2  conftest.c >&5
configure:8333: $? = 0
configure:8333: result: yes
configure:8333: checking for stdlib.h
configure:8333: arm-linux-androideabi-gcc -c -g -O2  conftest.c >&5
configure:8333: $? = 0
configure:8333: result: yes
configure:8333: checking for string.h
configure:8333: arm-linux-androideabi-gcc -c -g -O2  conftest.c >&5
configure:8333: $? = 0
configure:8333: result: yes
configure:8333: checking for memory.h
configure:8333: arm-linux-androideabi-gcc -c -g -O2  conftest.c >&5
configure:8333: $? = 0
configure:8333: result: yes
configure:8333: checking for strings.h
configure:8333: arm-linux-androideabi-gcc -c -g -O2  conftest.c >&5
configure:8333: $? = 0
configure:8333: result: yes
configure:8333: checking for inttypes.h
configure:8333: arm-linux-androideabi-gcc -c -g -O2  conftest.c >&5
configure:8333: $? = 0
configure:8333: result: yes
configure:8333: checking for stdint.h
configure:8333: arm-linux-androideabi-gcc -c -g -O2  conftest.c >&5
configure:8333: $? = 0
configure:8333: result: yes
configure:8333: checking for unistd.h
configure:8333: arm-linux-androideabi-gcc -c -g -O2  conftest.c >&5
configure:8333: $? = 0
configure:8333: result: yes
configure:8347: checking for dlfcn.h
configure:8347: arm-linux-androideabi-gcc -c -g -O2  conftest.c >&5
configure:8347: $? = 0
configure:8347: result: yes
configure:8523: checking for objdir
configure:8538: result: .libs
configure:8805: checking if arm-linux-androideabi-gcc supports -fno-rtti -fno-exceptions
configure:8823: arm-linux-androideabi-gcc -c -g -O2  -fno-rtti -fno-exceptions conftest.c >&5
cc1: warning: command line option '-fno-rtti' is valid for C++/ObjC++ but not for C [enabled by default]
configure:8827: $? = 0
configure:8840: result: no
configure:9167: checking for arm-linux-androideabi-gcc option to produce PIC
configure:9174: result: -fPIC -DPIC
configure:9182: checking if arm-linux-androideabi-gcc PIC flag -fPIC -DPIC works
configure:9200: arm-linux-androideabi-gcc -c -g -O2  -fPIC -DPIC -DPIC conftest.c >&5
configure:9204: $? = 0
configure:9217: result: yes
configure:9246: checking if arm-linux-androideabi-gcc static flag -static works
configure:9274: result: yes
configure:9289: checking if arm-linux-androideabi-gcc supports -c -o file.o
configure:9310: arm-linux-androideabi-gcc -c -g -O2  -o out/conftest2.o conftest.c >&5
configure:9314: $? = 0
configure:9336: result: yes
configure:9344: checking if arm-linux-androideabi-gcc supports -c -o file.o
configure:9391: result: yes
configure:9424: checking whether the arm-linux-androideabi-gcc linker (/home/baohv/Dev/Android/library/qrencode_build/gcc-toolchain-arm/arm-linux-androideabi/bin/ld) supports shared libraries
configure:10581: result: yes
configure:10618: checking whether -lc should be explicitly linked in
configure:10626: arm-linux-androideabi-gcc -c -g -O2  conftest.c >&5
configure:10629: $? = 0
configure:10644: arm-linux-androideabi-gcc -shared  -fPIC -DPIC conftest.o  -v -Wl,-soname -Wl,conftest -o conftest 2\>\&1 \| /bin/grep  -lc  \>/dev/null 2\>\&1
configure:10647: $? = 0
configure:10661: result: no
configure:10821: checking dynamic linker characteristics
configure:11555: result: no
configure:11662: checking how to hardcode library paths into programs
configure:11687: result: immediate
configure:12227: checking whether stripping libraries is possible
configure:12232: result: yes
configure:12267: checking if libtool supports shared libraries
configure:12269: result: no
configure:12272: checking whether to build shared libraries
configure:12293: result: no
configure:12296: checking whether to build static libraries
configure:12300: result: yes
configure:12340: checking for arm-ranlib
configure:12367: result: ranlib
configure:12440: checking for arm-pkg-config
configure:12473: result: no
configure:12483: checking for pkg-config
configure:12501: found /usr/bin/pkg-config
configure:12513: result: /usr/bin/pkg-config
configure:12538: checking pkg-config is at least version 0.9.0
configure:12541: result: yes
configure:12555: checking for strdup
configure:12555: arm-linux-androideabi-gcc -o conftest -g -O2   conftest.c  >&5
conftest.c:49:6: warning: conflicting types for built-in function 'strdup' [enabled by default]
 char strdup ();
      ^
configure:12555: $? = 0
configure:12555: result: yes
configure:12574: checking for pthread_mutex_init in -lpthread
configure:12599: arm-linux-androideabi-gcc -o conftest -g -O2   conftest.c -lpthread   >&5
/home/baohv/Dev/Android/library/qrencode_build/gcc-toolchain-arm/bin/../lib/gcc/arm-linux-androideabi/4.8/../../../../arm-linux-androideabi/bin/ld: error: cannot find -lpthread
collect2: error: ld returned 1 exit status
configure:12599: $? = 1
configure: failed program was:
| /* confdefs.h */
| #define PACKAGE_NAME "QRencode"
| #define PACKAGE_TARNAME "qrencode"
| #define PACKAGE_VERSION "3.4.4"
| #define PACKAGE_STRING "QRencode 3.4.4"
| #define PACKAGE_BUGREPORT ""
| #define PACKAGE_URL ""
| #define MAJOR_VERSION 3
| #define MINOR_VERSION 4
| #define MICRO_VERSION 4
| #define PACKAGE "qrencode"
| #define VERSION "3.4.4"
| #define STDC_HEADERS 1
| #define HAVE_SYS_TYPES_H 1
| #define HAVE_SYS_STAT_H 1
| #define HAVE_STDLIB_H 1
| #define HAVE_STRING_H 1
| #define HAVE_MEMORY_H 1
| #define HAVE_STRINGS_H 1
| #define HAVE_INTTYPES_H 1
| #define HAVE_STDINT_H 1
| #define HAVE_UNISTD_H 1
| #define HAVE_DLFCN_H 1
| #define LT_OBJDIR ".libs/"
| #define HAVE_STRDUP 1
| /* end confdefs.h.  */
| 
| /* Override any GCC internal prototype to avoid an error.
|    Use char because int might match the return type of a GCC
|    builtin and then its argument prototype would still apply.  */
| #ifdef __cplusplus
| extern "C"
| #endif
| char pthread_mutex_init ();
| int
| main ()
| {
| return pthread_mutex_init ();
|   ;
|   return 0;
| }
configure:12608: result: no
configure:14144: checking that generated files are newer than configure
configure:14150: result: done
configure:14193: creating ./config.status

## ---------------------- ##
## Running config.status. ##
## ---------------------- ##

This file was extended by QRencode config.status 3.4.4, which was
generated by GNU Autoconf 2.69.  Invocation command line was

  CONFIG_FILES    = 
  CONFIG_HEADERS  = 
  CONFIG_LINKS    = 
  CONFIG_COMMANDS = 
  $ ./config.status 

on baohv-HP-Compaq-6200-Pro-MT-PC

config.status:1112: creating Makefile
config.status:1112: creating libqrencode.pc
config.status:1112: creating tests/Makefile
config.status:1112: creating qrencode.spec
config.status:1112: creating qrencode.1
config.status:1112: creating config.h
config.status:1341: executing depfiles commands
config.status:1341: executing libtool commands

## ---------------- ##
## Cache variables. ##
## ---------------- ##

ac_cv_build=x86_64-unknown-linux-gnu
ac_cv_c_compiler_gnu=yes
ac_cv_c_const=yes
ac_cv_c_inline=inline
ac_cv_env_CC_set=set
ac_cv_env_CC_value=arm-linux-androideabi-gcc
ac_cv_env_CFLAGS_set=
ac_cv_env_CFLAGS_value=
ac_cv_env_CPPFLAGS_set=
ac_cv_env_CPPFLAGS_value=
ac_cv_env_CPP_set=
ac_cv_env_CPP_value=
ac_cv_env_LDFLAGS_set=
ac_cv_env_LDFLAGS_value=
ac_cv_env_LIBS_set=
ac_cv_env_LIBS_value=
ac_cv_env_PKG_CONFIG_LIBDIR_set=
ac_cv_env_PKG_CONFIG_LIBDIR_value=
ac_cv_env_PKG_CONFIG_PATH_set=
ac_cv_env_PKG_CONFIG_PATH_value=
ac_cv_env_PKG_CONFIG_set=
ac_cv_env_PKG_CONFIG_value=
ac_cv_env_build_alias_set=
ac_cv_env_build_alias_value=
ac_cv_env_host_alias_set=set
ac_cv_env_host_alias_value=arm
ac_cv_env_png_CFLAGS_set=
ac_cv_env_png_CFLAGS_value=
ac_cv_env_png_LIBS_set=
ac_cv_env_png_LIBS_value=
ac_cv_env_target_alias_set=
ac_cv_env_target_alias_value=
ac_cv_func_strdup=yes
ac_cv_header_dlfcn_h=yes
ac_cv_header_inttypes_h=yes
ac_cv_header_memory_h=yes
ac_cv_header_stdc=yes
ac_cv_header_stdint_h=yes
ac_cv_header_stdlib_h=yes
ac_cv_header_string_h=yes
ac_cv_header_strings_h=yes
ac_cv_header_sys_stat_h=yes
ac_cv_header_sys_types_h=yes
ac_cv_header_unistd_h=yes
ac_cv_host=arm-unknown-none
ac_cv_lib_pthread_pthread_mutex_init=no
ac_cv_objext=o
ac_cv_path_EGREP='/bin/grep -E'
ac_cv_path_FGREP='/bin/grep -F'
ac_cv_path_GREP=/bin/grep
ac_cv_path_SED=/bin/sed
ac_cv_path_ac_pt_PKG_CONFIG=/usr/bin/pkg-config
ac_cv_path_install='/usr/bin/install -c'
ac_cv_path_mkdir=/bin/mkdir
ac_cv_prog_AWK=mawk
ac_cv_prog_CC=arm-linux-androideabi-gcc
ac_cv_prog_CPP='arm-linux-androideabi-gcc -E'
ac_cv_prog_RANLIB=ranlib
ac_cv_prog_STRIP=strip
ac_cv_prog_ac_ct_AR=ar
ac_cv_prog_ac_ct_DUMPBIN='link -dump'
ac_cv_prog_ac_ct_MANIFEST_TOOL=mt
ac_cv_prog_ac_ct_OBJDUMP=objdump
ac_cv_prog_ac_ct_RANLIB=ranlib
ac_cv_prog_ac_ct_STRIP=strip
ac_cv_prog_cc_c89=
ac_cv_prog_cc_g=yes
ac_cv_prog_make_make_set=yes
ac_cv_target=arm-unknown-none
am_cv_CC_dependencies_compiler_type=gcc3
am_cv_make_support_nested_variables=yes
am_cv_prog_cc_c_o=yes
lt_cv_ar_at_file=@
lt_cv_archive_cmds_need_lc=no
lt_cv_deplibs_check_method=unknown
lt_cv_file_magic_cmd='$MAGIC_CMD'
lt_cv_file_magic_test_file=
lt_cv_ld_reload_flag=-r
lt_cv_nm_interface='BSD nm'
lt_cv_objdir=.libs
lt_cv_path_LD=/home/baohv/Dev/Android/library/qrencode_build/gcc-toolchain-arm/arm-linux-androideabi/bin/ld
lt_cv_path_NM=no
lt_cv_path_mainfest_tool=no
lt_cv_prog_compiler_c_o=yes
lt_cv_prog_compiler_pic='-fPIC -DPIC'
lt_cv_prog_compiler_pic_works=yes
lt_cv_prog_compiler_rtti_exceptions=no
lt_cv_prog_compiler_static_works=yes
lt_cv_prog_gnu_ld=yes
lt_cv_sharedlib_from_linklib_cmd='printf %s\n'
lt_cv_sys_global_symbol_pipe='sed -n -e '\''s/^.*[	 ]\([ABCDGIRSTW][ABCDGIRSTW]*\)[	 ][	 ]*\([_A-Za-z][_A-Za-z0-9]*\)$/\1 \2 \2/p'\'' | sed '\''/ __gnu_lto/d'\'''
lt_cv_sys_global_symbol_to_c_name_address='sed -n -e '\''s/^: \([^ ]*\)[ ]*$/  {\"\1\", (void *) 0},/p'\'' -e '\''s/^[ABCDGIRSTW]* \([^ ]*\) \([^ ]*\)$/  {"\2", (void *) \&\2},/p'\'''
lt_cv_sys_global_symbol_to_c_name_address_lib_prefix='sed -n -e '\''s/^: \([^ ]*\)[ ]*$/  {\"\1\", (void *) 0},/p'\'' -e '\''s/^[ABCDGIRSTW]* \([^ ]*\) \(lib[^ ]*\)$/  {"\2", (void *) \&\2},/p'\'' -e '\''s/^[ABCDGIRSTW]* \([^ ]*\) \([^ ]*\)$/  {"lib\2", (void *) \&\2},/p'\'''
lt_cv_sys_global_symbol_to_cdecl='sed -n -e '\''s/^T .* \(.*\)$/extern int \1();/p'\'' -e '\''s/^[ABCDGIRSTW]* .* \(.*\)$/extern char \1;/p'\'''
lt_cv_sys_max_cmd_len=1572864
lt_cv_to_host_file_cmd=func_convert_file_noop
lt_cv_to_tool_file_cmd=func_convert_file_noop

## ----------------- ##
## Output variables. ##
## ----------------- ##

ACLOCAL='${SHELL} /home/baohv/Dev/Android/library/qrencode-3.4.4/use/missing aclocal-1.14'
AMDEPBACKSLASH='\'
AMDEP_FALSE='#'
AMDEP_TRUE=''
AMTAR='$${TAR-tar}'
AM_BACKSLASH='\'
AM_DEFAULT_V='$(AM_DEFAULT_VERBOSITY)'
AM_DEFAULT_VERBOSITY='1'
AM_V='$(V)'
AR='ar'
AUTOCONF='${SHELL} /home/baohv/Dev/Android/library/qrencode-3.4.4/use/missing autoconf'
AUTOHEADER='${SHELL} /home/baohv/Dev/Android/library/qrencode-3.4.4/use/missing autoheader'
AUTOMAKE='${SHELL} /home/baohv/Dev/Android/library/qrencode-3.4.4/use/missing automake-1.14'
AWK='mawk'
BUILD_TESTS_FALSE=''
BUILD_TESTS_TRUE='#'
BUILD_TOOLS_FALSE=''
BUILD_TOOLS_TRUE='#'
CC='arm-linux-androideabi-gcc'
CCDEPMODE='depmode=gcc3'
CFLAGS='-Wall -g -O2'
CPP='arm-linux-androideabi-gcc -E'
CPPFLAGS=''
CYGPATH_W='echo'
DEFS='-DHAVE_CONFIG_H'
DEPDIR='.deps'
DLLTOOL='false'
DSYMUTIL=''
DUMPBIN=':'
ECHO_C=''
ECHO_N='-n'
ECHO_T=''
EGREP='/bin/grep -E'
EXEEXT=''
FGREP='/bin/grep -F'
GREP='/bin/grep'
HAVE_LIBPTHREAD_FALSE=''
HAVE_LIBPTHREAD_TRUE='#'
HAVE_SDL_FALSE=''
HAVE_SDL_TRUE='#'
INSTALL_DATA='${INSTALL} -m 644'
INSTALL_PROGRAM='${INSTALL}'
INSTALL_SCRIPT='${INSTALL}'
INSTALL_STRIP_PROGRAM='$(install_sh) -c -s'
LD='/home/baohv/Dev/Android/library/qrencode_build/gcc-toolchain-arm/arm-linux-androideabi/bin/ld'
LDFLAGS=''
LIBICONV=''
LIBOBJS=''
LIBPTHREAD=''
LIBS=''
LIBTOOL='$(SHELL) $(top_builddir)/libtool'
LIPO=''
LN_S='ln -s'
LTLIBICONV=''
LTLIBOBJS=''
MAJOR_VERSION='3'
MAKEINFO='${SHELL} /home/baohv/Dev/Android/library/qrencode-3.4.4/use/missing makeinfo'
MANIFEST_TOOL=':'
MICRO_VERSION='4'
MINOR_VERSION='4'
MKDIR_P='/bin/mkdir -p'
NM='nm'
NMEDIT=''
OBJDUMP='objdump'
OBJEXT='o'
OTOOL64=''
OTOOL=''
PACKAGE='qrencode'
PACKAGE_BUGREPORT=''
PACKAGE_NAME='QRencode'
PACKAGE_STRING='QRencode 3.4.4'
PACKAGE_TARNAME='qrencode'
PACKAGE_URL=''
PACKAGE_VERSION='3.4.4'
PATH_SEPARATOR=':'
PKG_CONFIG='/usr/bin/pkg-config'
PKG_CONFIG_LIBDIR=''
PKG_CONFIG_PATH=''
RANLIB='ranlib'
SDL_CFLAGS=''
SDL_CONFIG=''
SDL_LIBS=''
SED='/bin/sed'
SET_MAKE=''
SHELL='/bin/bash'
STRIP='strip'
VERSION='3.4.4'
ac_ct_AR='ar'
ac_ct_CC=''
ac_ct_DUMPBIN='link -dump'
am__EXEEXT_FALSE=''
am__EXEEXT_TRUE='#'
am__fastdepCC_FALSE='#'
am__fastdepCC_TRUE=''
am__include='include'
am__isrc=''
am__leading_dot='.'
am__nodep='_no'
am__quote=''
am__tar='$${TAR-tar} chof - "$$tardir"'
am__untar='$${TAR-tar} xf -'
bindir='${exec_prefix}/bin'
build='x86_64-unknown-linux-gnu'
build_alias=''
build_cpu='x86_64'
build_os='linux-gnu'
build_vendor='unknown'
datadir='${datarootdir}'
datarootdir='${prefix}/share'
docdir='${datarootdir}/doc/${PACKAGE_TARNAME}'
dvidir='${docdir}'
exec_prefix='${prefix}'
host='arm-unknown-none'
host_alias='arm'
host_cpu='arm'
host_os='none'
host_vendor='unknown'
htmldir='${docdir}'
includedir='${prefix}/include'
infodir='${datarootdir}/info'
install_sh='${SHELL} /home/baohv/Dev/Android/library/qrencode-3.4.4/use/install-sh'
libdir='${exec_prefix}/lib'
libexecdir='${exec_prefix}/libexec'
localedir='${datarootdir}/locale'
localstatedir='${prefix}/var'
mandir='${datarootdir}/man'
mkdir_p='$(MKDIR_P)'
oldincludedir='/usr/include'
pdfdir='${docdir}'
png_CFLAGS=''
png_LIBS=''
prefix='/home/baohv/Dev/Android/library/qrencode_build'
program_transform_name='s,x,x,'
psdir='${docdir}'
sbindir='${exec_prefix}/sbin'
sharedstatedir='${prefix}/com'
sysconfdir='${prefix}/etc'
target='arm-unknown-none'
target_alias=''
target_cpu='arm'
target_os='none'
target_vendor='unknown'

## ----------- ##
## confdefs.h. ##
## ----------- ##

/* confdefs.h */
#define PACKAGE_NAME "QRencode"
#define PACKAGE_TARNAME "qrencode"
#define PACKAGE_VERSION "3.4.4"
#define PACKAGE_STRING "QRencode 3.4.4"
#define PACKAGE_BUGREPORT ""
#define PACKAGE_URL ""
#define MAJOR_VERSION 3
#define MINOR_VERSION 4
#define MICRO_VERSION 4
#define PACKAGE "qrencode"
#define VERSION "3.4.4"
#define STDC_HEADERS 1
#define HAVE_SYS_TYPES_H 1
#define HAVE_SYS_STAT_H 1
#define HAVE_STDLIB_H 1
#define HAVE_STRING_H 1
#define HAVE_MEMORY_H 1
#define HAVE_STRINGS_H 1
#define HAVE_INTTYPES_H 1
#define HAVE_STDINT_H 1
#define HAVE_UNISTD_H 1
#define HAVE_DLFCN_H 1
#define LT_OBJDIR ".libs/"
#define HAVE_STRDUP 1
#define __STATIC static
/* #undef WITH_TESTS */

configure: exit 0
